[INFO] Scanning for projects...
[INFO] 
[INFO] --------------------< com.artistlan:artistlan-api >---------------------
[INFO] Building artistlan-api 0.0.1-SNAPSHOT
[INFO]   from pom.xml
[INFO] --------------------------------[ jar ]---------------------------------
[INFO] 
[INFO] >>> spring-boot:3.5.6:run (default-cli) > test-compile @ artistlan-api >>>
[INFO] 
[INFO] --- resources:3.3.1:resources (default-resources) @ artistlan-api ---
[INFO] Copying 1 resource from src\main\resources to target\classes
[INFO] Copying 3 resources from src\main\resources to target\classes
[INFO] 
[INFO] --- compiler:3.14.0:compile (default-compile) @ artistlan-api ---
[INFO] Nothing to compile - all classes are up to date.
[INFO] 
[INFO] --- resources:3.3.1:testResources (default-testResources) @ artistlan-api ---
[INFO] skip non existing resourceDirectory C:\Artistlan\SpringBootArtistlan\src\test\resources
[INFO] 
[INFO] --- compiler:3.14.0:testCompile (default-testCompile) @ artistlan-api ---
[INFO] Nothing to compile - all classes are up to date.
[INFO] 
[INFO] <<< spring-boot:3.5.6:run (default-cli) < test-compile @ artistlan-api <<<
[INFO] 
[INFO] 
[INFO] --- spring-boot:3.5.6:run (default-cli) @ artistlan-api ---
[INFO] Attaching agents: []

  .   ____          _            __ _ _
 /\\ / ___'_ __ _ _(_)_ __  __ _ \ \ \ \
( ( )\___ | '_ | '_| | '_ \/ _` | \ \ \ \
 \\/  ___)| |_)| | | | | || (_| |  ) ) ) )
  '  |____| .__|_| |_|_| |_\__, | / / / /
 =========|_|==============|___/=/_/_/_/

 :: Spring Boot ::                (v3.5.6)

2026-06-01T01:23:46.420-06:00  INFO 23052 --- [artistlan] [  restartedMain] com.example.demo.DemoApplication         : Starting DemoApplication using Java 17.0.12 with PID 23052 (C:\Artistlan\SpringBootArtistlan\target\classes started by Usuario in C:\Artistlan\SpringBootArtistlan)
2026-06-01T01:23:46.423-06:00  INFO 23052 --- [artistlan] [  restartedMain] com.example.demo.DemoApplication         : No active profile set, falling back to 1 default profile: "default"
2026-06-01T01:23:46.461-06:00  INFO 23052 --- [artistlan] [  restartedMain] .e.DevToolsPropertyDefaultsPostProcessor : Devtools property defaults active! Set 'spring.devtools.add-properties' to 'false' to disable
2026-06-01T01:23:46.461-06:00  INFO 23052 --- [artistlan] [  restartedMain] .e.DevToolsPropertyDefaultsPostProcessor : For additional web related logging consider setting the 'logging.level.web' property to 'DEBUG'
2026-06-01T01:23:47.189-06:00  INFO 23052 --- [artistlan] [  restartedMain] .s.d.r.c.RepositoryConfigurationDelegate : Bootstrapping Spring Data JPA repositories in DEFAULT mode.
2026-06-01T01:23:47.314-06:00  INFO 23052 --- [artistlan] [  restartedMain] .s.d.r.c.RepositoryConfigurationDelegate : Finished Spring Data repository scanning in 115 ms. Found 22 JPA repository interfaces.
2026-06-01T01:23:47.914-06:00  INFO 23052 --- [artistlan] [  restartedMain] o.s.b.w.embedded.tomcat.TomcatWebServer  : Tomcat initialized with port 8084 (http)
2026-06-01T01:23:47.931-06:00  INFO 23052 --- [artistlan] [  restartedMain] o.apache.catalina.core.StandardService   : Starting service [Tomcat]
2026-06-01T01:23:47.931-06:00  INFO 23052 --- [artistlan] [  restartedMain] o.apache.catalina.core.StandardEngine    : Starting Servlet engine: [Apache Tomcat/10.1.46]
2026-06-01T01:23:47.990-06:00  INFO 23052 --- [artistlan] [  restartedMain] o.a.c.c.C.[Tomcat].[localhost].[/]       : Initializing Spring embedded WebApplicationContext
2026-06-01T01:23:47.991-06:00  INFO 23052 --- [artistlan] [  restartedMain] w.s.c.ServletWebServerApplicationContext : Root WebApplicationContext: initialization completed in 1529 ms
2026-06-01T01:23:48.110-06:00  INFO 23052 --- [artistlan] [  restartedMain] o.hibernate.jpa.internal.util.LogHelper  : HHH000204: Processing PersistenceUnitInfo [name: default]
2026-06-01T01:23:48.155-06:00  INFO 23052 --- [artistlan] [  restartedMain] org.hibernate.Version                    : HHH000412: Hibernate ORM core version 6.6.29.Final
2026-06-01T01:23:48.182-06:00  INFO 23052 --- [artistlan] [  restartedMain] o.h.c.internal.RegionFactoryInitiator    : HHH000026: Second-level cache disabled
2026-06-01T01:23:48.435-06:00  INFO 23052 --- [artistlan] [  restartedMain] o.s.o.j.p.SpringPersistenceUnitInfo      : No LoadTimeWeaver setup: ignoring JPA class transformer
2026-06-01T01:23:48.478-06:00  INFO 23052 --- [artistlan] [  restartedMain] com.zaxxer.hikari.HikariDataSource       : HikariPool-1 - Starting...
2026-06-01T01:23:48.648-06:00  INFO 23052 --- [artistlan] [  restartedMain] com.zaxxer.hikari.pool.HikariPool        : HikariPool-1 - Added connection com.mysql.cj.jdbc.ConnectionImpl@1e245448
2026-06-01T01:23:48.652-06:00  INFO 23052 --- [artistlan] [  restartedMain] com.zaxxer.hikari.HikariDataSource       : HikariPool-1 - Start completed.
2026-06-01T01:23:48.738-06:00  INFO 23052 --- [artistlan] [  restartedMain] org.hibernate.orm.connections.pooling    : HHH10001005: Database info:
	Database JDBC URL [Connecting through datasource 'HikariDataSource (HikariPool-1)']
	Database driver: undefined/unknown
	Database version: 8.0.40
	Autocommit mode: undefined/unknown
	Isolation level: undefined/unknown
	Minimum pool size: undefined/unknown
	Maximum pool size: undefined/unknown
2026-06-01T01:23:50.284-06:00  INFO 23052 --- [artistlan] [  restartedMain] o.h.e.t.j.p.i.JtaPlatformInitiator       : HHH000489: No JTA platform available (set 'hibernate.transaction.jta.platform' to enable JTA platform integration)
Hibernate: alter table two_factor_tokens modify column purpose enum ('ACTIVATION','LOGIN','PASSWORD_RESET') not null
2026-06-01T01:23:50.524-06:00  INFO 23052 --- [artistlan] [  restartedMain] j.LocalContainerEntityManagerFactoryBean : Initialized JPA EntityManagerFactory for persistence unit 'default'
2026-06-01T01:23:50.752-06:00  INFO 23052 --- [artistlan] [  restartedMain] o.s.d.j.r.query.QueryEnhancerFactory     : Hibernate is in classpath; If applicable, HQL parser will be used.
2026-06-01T01:23:53.294-06:00  WARN 23052 --- [artistlan] [  restartedMain] JpaBaseConfiguration$JpaWebConfiguration : spring.jpa.open-in-view is enabled by default. Therefore, database queries may be performed during view rendering. Explicitly configure spring.jpa.open-in-view to disable this warning
2026-06-01T01:23:53.335-06:00  INFO 23052 --- [artistlan] [  restartedMain] r$InitializeUserDetailsManagerConfigurer : Global AuthenticationManager configured with UserDetailsService bean with name userDetailsService
2026-06-01T01:23:54.067-06:00  WARN 23052 --- [artistlan] [  restartedMain] o.s.b.d.a.OptionalLiveReloadServer       : Unable to start LiveReload server
2026-06-01T01:23:54.103-06:00  INFO 23052 --- [artistlan] [  restartedMain] o.s.b.w.embedded.tomcat.TomcatWebServer  : Tomcat started on port 8084 (http) with context path '/'
2026-06-01T01:23:54.117-06:00  INFO 23052 --- [artistlan] [  restartedMain] com.example.demo.DemoApplication         : Started DemoApplication in 8.079 seconds (process running for 8.529)
2026-06-01T01:24:47.314-06:00  INFO 23052 --- [artistlan] [0.0-8084-exec-1] o.a.c.c.C.[Tomcat].[localhost].[/]       : Initializing Spring DispatcherServlet 'dispatcherServlet'
2026-06-01T01:24:47.316-06:00  INFO 23052 --- [artistlan] [0.0-8084-exec-1] o.s.web.servlet.DispatcherServlet        : Initializing Servlet 'dispatcherServlet'
2026-06-01T01:24:47.318-06:00  INFO 23052 --- [artistlan] [0.0-8084-exec-1] o.s.web.servlet.DispatcherServlet        : Completed initialization in 2 ms
Hibernate: insert into usuario (contrasena,correo,descripcion,estado_cuenta,fecha_fin_suspension,fecha_nacimiento,fecha_suspension,foto_perfil,motivo_suspension,nombre_completo,redes_sociales,rol,telefono,two_factor_enabled,ubicacion,usuario) values (?,?,?,?,?,?,?,?,?,?,?,?,?,?,?,?)
Hibernate: select count(f1_0.id_favorito) from favorito f1_0 where f1_0.id_artista=?
Hibernate: select cu1_0.id_categoria,cu1_0.id_usuario from categoria_usuario cu1_0 left join usuario u1_0 on u1_0.id_usuario=cu1_0.id_usuario where u1_0.id_usuario=?
Hibernate: insert into usuario (contrasena,correo,descripcion,estado_cuenta,fecha_fin_suspension,fecha_nacimiento,fecha_suspension,foto_perfil,motivo_suspension,nombre_completo,redes_sociales,rol,telefono,two_factor_enabled,ubicacion,usuario) values (?,?,?,?,?,?,?,?,?,?,?,?,?,?,?,?)
2026-06-01T01:24:47.769-06:00  WARN 23052 --- [artistlan] [0.0-8084-exec-2] o.h.engine.jdbc.spi.SqlExceptionHelper   : SQL Error: 1062, SQLState: 23000
2026-06-01T01:24:47.769-06:00 ERROR 23052 --- [artistlan] [0.0-8084-exec-2] o.h.engine.jdbc.spi.SqlExceptionHelper   : Duplicate entry 'qa_registro_android_1780298687' for key 'usuario.uq_usuario_username'
2026-06-01T01:24:47.784-06:00  WARN 23052 --- [artistlan] [0.0-8084-exec-2] .m.m.a.ExceptionHandlerExceptionResolver : Resolved [org.springframework.dao.DataIntegrityViolationException: could not execute statement [Duplicate entry 'qa_registro_android_1780298687' for key 'usuario.uq_usuario_username'] [insert into usuario (contrasena,correo,descripcion,estado_cuenta,fecha_fin_suspension,fecha_nacimiento,fecha_suspension,foto_perfil,motivo_suspension,nombre_completo,redes_sociales,rol,telefono,two_factor_enabled,ubicacion,usuario) values (?,?,?,?,?,?,?,?,?,?,?,?,?,?,?,?)]; SQL [insert into usuario (contrasena,correo,descripcion,estado_cuenta,fecha_fin_suspension,fecha_nacimiento,fecha_suspension,foto_perfil,motivo_suspension,nombre_completo,redes_sociales,rol,telefono,two_factor_enabled,ubicacion,usuario) values (?,?,?,?,?,?,?,?,?,?,?,?,?,?,?,?)]; constraint [usuario.uq_usuario_username]]
Hibernate: insert into usuario (contrasena,correo,descripcion,estado_cuenta,fecha_fin_suspension,fecha_nacimiento,fecha_suspension,foto_perfil,motivo_suspension,nombre_completo,redes_sociales,rol,telefono,two_factor_enabled,ubicacion,usuario) values (?,?,?,?,?,?,?,?,?,?,?,?,?,?,?,?)
Hibernate: select count(f1_0.id_favorito) from favorito f1_0 where f1_0.id_artista=?
Hibernate: select cu1_0.id_categoria,cu1_0.id_usuario from categoria_usuario cu1_0 left join usuario u1_0 on u1_0.id_usuario=cu1_0.id_usuario where u1_0.id_usuario=?
Hibernate: select u1_0.id_usuario,u1_0.contrasena,u1_0.correo,u1_0.descripcion,u1_0.estado_cuenta,u1_0.fecha_fin_suspension,u1_0.fecha_nacimiento,u1_0.fecha_registro,u1_0.fecha_suspension,u1_0.foto_perfil,u1_0.motivo_suspension,u1_0.nombre_completo,u1_0.redes_sociales,u1_0.rol,u1_0.telefono,u1_0.two_factor_enabled,u1_0.ubicacion,u1_0.usuario from usuario u1_0 where upper(u1_0.usuario)=upper(?) or upper(u1_0.correo)=upper(?) limit ?
Hibernate: select count(f1_0.id_favorito) from favorito f1_0 where f1_0.id_artista=?
Hibernate: select cu1_0.id_categoria,cu1_0.id_usuario from categoria_usuario cu1_0 left join usuario u1_0 on u1_0.id_usuario=cu1_0.id_usuario where u1_0.id_usuario=?
Hibernate: select c1_0.id_categoria,c1_0.nombre_categoria from categoria c1_0 where c1_0.id_categoria=?
Hibernate: select u1_0.id_usuario,u1_0.contrasena,u1_0.correo,u1_0.descripcion,u1_0.estado_cuenta,u1_0.fecha_fin_suspension,u1_0.fecha_nacimiento,u1_0.fecha_registro,u1_0.fecha_suspension,u1_0.foto_perfil,u1_0.motivo_suspension,u1_0.nombre_completo,u1_0.redes_sociales,u1_0.rol,u1_0.telefono,u1_0.two_factor_enabled,u1_0.ubicacion,u1_0.usuario from usuario u1_0 where u1_0.id_usuario=?
Hibernate: select distinct o1_0.id_obra,co1_0.id_obra,co1_0.id_categoria,c1_0.id_categoria,c1_0.nombre_categoria,o1_0.confirmacion_autoria,o1_0.descripcion,o1_0.estado,o1_0.estado_moderacion,o1_0.fecha_oculta,o1_0.fecha_publicacion,o1_0.imagen1,o1_0.imagen2,o1_0.imagen3,o1_0.medidas,o1_0.motivo_oculta,o1_0.oculta,o1_0.precio,o1_0.tecnicas,o1_0.titulo,o1_0.id_usuario,u1_0.id_usuario,u1_0.contrasena,u1_0.correo,u1_0.descripcion,u1_0.estado_cuenta,u1_0.fecha_fin_suspension,u1_0.fecha_nacimiento,u1_0.fecha_registro,u1_0.fecha_suspension,u1_0.foto_perfil,u1_0.motivo_suspension,u1_0.nombre_completo,u1_0.redes_sociales,u1_0.rol,u1_0.telefono,u1_0.two_factor_enabled,u1_0.ubicacion,u1_0.usuario from obra o1_0 left join usuario u1_0 on u1_0.id_usuario=o1_0.id_usuario left join categoria_obra co1_0 on o1_0.id_obra=co1_0.id_obra left join categoria c1_0 on c1_0.id_categoria=co1_0.id_categoria where o1_0.id_obra=?
2026-06-01T01:24:48.162-06:00  INFO 23052 --- [artistlan] [0.0-8084-exec-5] c.e.demo.service.impl.ObraServiceImpl    : ObraCrudBackendDebug validacion propietario idObra=33 usuarioId=21 propietario=25 resultado=false
2026-06-01T01:24:48.165-06:00  WARN 23052 --- [artistlan] [0.0-8084-exec-5] .m.m.a.ExceptionHandlerExceptionResolver : Resolved [org.springframework.web.server.ResponseStatusException: 403 FORBIDDEN "La obra no pertenece al usuario indicado"]
Hibernate: select u1_0.id_usuario,u1_0.contrasena,u1_0.correo,u1_0.descripcion,u1_0.estado_cuenta,u1_0.fecha_fin_suspension,u1_0.fecha_nacimiento,u1_0.fecha_registro,u1_0.fecha_suspension,u1_0.foto_perfil,u1_0.motivo_suspension,u1_0.nombre_completo,u1_0.redes_sociales,u1_0.rol,u1_0.telefono,u1_0.two_factor_enabled,u1_0.ubicacion,u1_0.usuario from usuario u1_0 where u1_0.id_usuario=?
Hibernate: select u1_0.id_usuario,cu1_0.id_usuario,cu1_0.id_categoria,c1_0.id_categoria,c1_0.nombre_categoria,u1_0.contrasena,u1_0.correo,u1_0.descripcion,u1_0.estado_cuenta,u1_0.fecha_fin_suspension,u1_0.fecha_nacimiento,u1_0.fecha_registro,u1_0.fecha_suspension,u1_0.foto_perfil,u1_0.motivo_suspension,u1_0.nombre_completo,u1_0.redes_sociales,u1_0.rol,u1_0.telefono,u1_0.two_factor_enabled,u1_0.ubicacion,u1_0.usuario from usuario u1_0 left join categoria_usuario cu1_0 on u1_0.id_usuario=cu1_0.id_usuario left join categoria c1_0 on c1_0.id_categoria=cu1_0.id_categoria where u1_0.id_usuario=?
Hibernate: insert into obra (confirmacion_autoria,descripcion,estado,estado_moderacion,fecha_oculta,fecha_publicacion,imagen1,imagen2,imagen3,medidas,motivo_oculta,oculta,precio,tecnicas,titulo,id_usuario) values (?,?,?,?,?,?,?,?,?,?,?,?,?,?,?,?)
Hibernate: select c1_0.id_categoria,c1_0.nombre_categoria from categoria c1_0 where c1_0.id_categoria=?
Hibernate: select mpa1_0.id_meta,mpa1_0.estado,mpa1_0.fecha_actualizacion,mpa1_0.fecha_cancelacion,mpa1_0.fecha_creacion,mpa1_0.fecha_fin,mpa1_0.fecha_inicio,mpa1_0.motivo_cancelacion,mpa1_0.objetivo,mpa1_0.tipo_meta,mpa1_0.id_usuario from meta_personal_artista mpa1_0 where mpa1_0.id_usuario=? and mpa1_0.estado in (?,?) and mpa1_0.tipo_meta in (?) order by mpa1_0.fecha_creacion desc for update
Hibernate: insert into categoria_obra (id_categoria,id_obra) values (?,?)
Hibernate: select distinct o1_0.id_obra,co1_0.id_obra,co1_0.id_categoria,c1_0.id_categoria,c1_0.nombre_categoria,o1_0.confirmacion_autoria,o1_0.descripcion,o1_0.estado,o1_0.estado_moderacion,o1_0.fecha_oculta,o1_0.fecha_publicacion,o1_0.imagen1,o1_0.imagen2,o1_0.imagen3,o1_0.medidas,o1_0.motivo_oculta,o1_0.oculta,o1_0.precio,o1_0.tecnicas,o1_0.titulo,o1_0.id_usuario,u1_0.id_usuario,u1_0.contrasena,u1_0.correo,u1_0.descripcion,u1_0.estado_cuenta,u1_0.fecha_fin_suspension,u1_0.fecha_nacimiento,u1_0.fecha_registro,u1_0.fecha_suspension,u1_0.foto_perfil,u1_0.motivo_suspension,u1_0.nombre_completo,u1_0.redes_sociales,u1_0.rol,u1_0.telefono,u1_0.two_factor_enabled,u1_0.ubicacion,u1_0.usuario from obra o1_0 left join usuario u1_0 on u1_0.id_usuario=o1_0.id_usuario left join categoria_obra co1_0 on o1_0.id_obra=co1_0.id_obra left join categoria c1_0 on c1_0.id_categoria=co1_0.id_categoria where o1_0.id_obra=?
Hibernate: select count(f1_0.id_favorito) from favorito f1_0 where f1_0.id_obra=?
Hibernate: select f1_0.id_favorito from favorito f1_0 left join usuario u1_0 on u1_0.id_usuario=f1_0.id_usuario left join obra o1_0 on o1_0.id_obra=f1_0.id_obra where u1_0.id_usuario=? and o1_0.id_obra=? limit ?
Hibernate: select u1_0.id_usuario,u1_0.contrasena,u1_0.correo,u1_0.descripcion,u1_0.estado_cuenta,u1_0.fecha_fin_suspension,u1_0.fecha_nacimiento,u1_0.fecha_registro,u1_0.fecha_suspension,u1_0.foto_perfil,u1_0.motivo_suspension,u1_0.nombre_completo,u1_0.redes_sociales,u1_0.rol,u1_0.telefono,u1_0.two_factor_enabled,u1_0.ubicacion,u1_0.usuario from usuario u1_0 where u1_0.id_usuario=?
Hibernate: select distinct o1_0.id_obra,co1_0.id_obra,co1_0.id_categoria,c1_0.id_categoria,c1_0.nombre_categoria,o1_0.confirmacion_autoria,o1_0.descripcion,o1_0.estado,o1_0.estado_moderacion,o1_0.fecha_oculta,o1_0.fecha_publicacion,o1_0.imagen1,o1_0.imagen2,o1_0.imagen3,o1_0.medidas,o1_0.motivo_oculta,o1_0.oculta,o1_0.precio,o1_0.tecnicas,o1_0.titulo,o1_0.id_usuario,u1_0.id_usuario,u1_0.contrasena,u1_0.correo,u1_0.descripcion,u1_0.estado_cuenta,u1_0.fecha_fin_suspension,u1_0.fecha_nacimiento,u1_0.fecha_registro,u1_0.fecha_suspension,u1_0.foto_perfil,u1_0.motivo_suspension,u1_0.nombre_completo,u1_0.redes_sociales,u1_0.rol,u1_0.telefono,u1_0.two_factor_enabled,u1_0.ubicacion,u1_0.usuario from obra o1_0 left join usuario u1_0 on u1_0.id_usuario=o1_0.id_usuario left join categoria_obra co1_0 on o1_0.id_obra=co1_0.id_obra left join categoria c1_0 on c1_0.id_categoria=co1_0.id_categoria where o1_0.id_obra=?
2026-06-01T01:24:48.294-06:00  INFO 23052 --- [artistlan] [0.0-8084-exec-7] c.e.demo.service.impl.ObraServiceImpl    : ObraCrudBackendDebug validacion propietario idObra=49 usuarioId=21 propietario=21 resultado=true
Hibernate: update obra set confirmacion_autoria=?,descripcion=?,estado=?,estado_moderacion=?,fecha_oculta=?,fecha_publicacion=?,imagen1=?,imagen2=?,imagen3=?,medidas=?,motivo_oculta=?,oculta=?,precio=?,tecnicas=?,titulo=?,id_usuario=? where id_obra=?
Hibernate: select count(f1_0.id_favorito) from favorito f1_0 where f1_0.id_obra=?
Hibernate: select f1_0.id_favorito from favorito f1_0 left join usuario u1_0 on u1_0.id_usuario=f1_0.id_usuario left join obra o1_0 on o1_0.id_obra=f1_0.id_obra where u1_0.id_usuario=? and o1_0.id_obra=? limit ?
Hibernate: select u1_0.id_usuario,u1_0.contrasena,u1_0.correo,u1_0.descripcion,u1_0.estado_cuenta,u1_0.fecha_fin_suspension,u1_0.fecha_nacimiento,u1_0.fecha_registro,u1_0.fecha_suspension,u1_0.foto_perfil,u1_0.motivo_suspension,u1_0.nombre_completo,u1_0.redes_sociales,u1_0.rol,u1_0.telefono,u1_0.two_factor_enabled,u1_0.ubicacion,u1_0.usuario from usuario u1_0 where u1_0.id_usuario=?
Hibernate: select distinct s1_0.id_servicio,cs1_0.id_servicio,cs1_0.id_categoria,c1_0.id_categoria,c1_0.nombre_categoria,s1_0.contacto,s1_0.descripcion,s1_0.estado_moderacion,s1_0.fecha_oculto,s1_0.fecha_publicacion,s1_0.motivo_oculto,s1_0.oculto,s1_0.precio_max,s1_0.precio_min,s1_0.tecnicas,s1_0.tipo_contacto,s1_0.titulo,s1_0.id_usuario,u1_0.id_usuario,u1_0.contrasena,u1_0.correo,u1_0.descripcion,u1_0.estado_cuenta,u1_0.fecha_fin_suspension,u1_0.fecha_nacimiento,u1_0.fecha_registro,u1_0.fecha_suspension,u1_0.foto_perfil,u1_0.motivo_suspension,u1_0.nombre_completo,u1_0.redes_sociales,u1_0.rol,u1_0.telefono,u1_0.two_factor_enabled,u1_0.ubicacion,u1_0.usuario from servicio s1_0 left join usuario u1_0 on u1_0.id_usuario=s1_0.id_usuario left join categoria_servicio cs1_0 on s1_0.id_servicio=cs1_0.id_servicio left join categoria c1_0 on c1_0.id_categoria=cs1_0.id_categoria where s1_0.id_servicio=?
2026-06-01T01:24:48.348-06:00  INFO 23052 --- [artistlan] [0.0-8084-exec-8] c.e.d.service.impl.ServicioServiceImpl   : ServicioCrudBackendDebug validacion propietario idServicio=10 usuarioId=21 propietario=17 resultado=false
2026-06-01T01:24:48.351-06:00  WARN 23052 --- [artistlan] [0.0-8084-exec-8] .m.m.a.ExceptionHandlerExceptionResolver : Resolved [org.springframework.web.server.ResponseStatusException: 403 FORBIDDEN "El servicio no pertenece al usuario indicado"]
Hibernate: select u1_0.id_usuario,u1_0.contrasena,u1_0.correo,u1_0.descripcion,u1_0.estado_cuenta,u1_0.fecha_fin_suspension,u1_0.fecha_nacimiento,u1_0.fecha_registro,u1_0.fecha_suspension,u1_0.foto_perfil,u1_0.motivo_suspension,u1_0.nombre_completo,u1_0.redes_sociales,u1_0.rol,u1_0.telefono,u1_0.two_factor_enabled,u1_0.ubicacion,u1_0.usuario from usuario u1_0 where u1_0.id_usuario=?
Hibernate: select u1_0.id_usuario,cu1_0.id_usuario,cu1_0.id_categoria,c1_0.id_categoria,c1_0.nombre_categoria,u1_0.contrasena,u1_0.correo,u1_0.descripcion,u1_0.estado_cuenta,u1_0.fecha_fin_suspension,u1_0.fecha_nacimiento,u1_0.fecha_registro,u1_0.fecha_suspension,u1_0.foto_perfil,u1_0.motivo_suspension,u1_0.nombre_completo,u1_0.redes_sociales,u1_0.rol,u1_0.telefono,u1_0.two_factor_enabled,u1_0.ubicacion,u1_0.usuario from usuario u1_0 left join categoria_usuario cu1_0 on u1_0.id_usuario=cu1_0.id_usuario left join categoria c1_0 on c1_0.id_categoria=cu1_0.id_categoria where u1_0.id_usuario=?
Hibernate: insert into servicio (contacto,descripcion,estado_moderacion,fecha_oculto,fecha_publicacion,motivo_oculto,oculto,precio_max,precio_min,tecnicas,tipo_contacto,titulo,id_usuario) values (?,?,?,?,?,?,?,?,?,?,?,?,?)
Hibernate: select c1_0.id_categoria,c1_0.nombre_categoria from categoria c1_0 where c1_0.id_categoria=?
Hibernate: select mpa1_0.id_meta,mpa1_0.estado,mpa1_0.fecha_actualizacion,mpa1_0.fecha_cancelacion,mpa1_0.fecha_creacion,mpa1_0.fecha_fin,mpa1_0.fecha_inicio,mpa1_0.motivo_cancelacion,mpa1_0.objetivo,mpa1_0.tipo_meta,mpa1_0.id_usuario from meta_personal_artista mpa1_0 where mpa1_0.id_usuario=? and mpa1_0.estado in (?,?) and mpa1_0.tipo_meta in (?) order by mpa1_0.fecha_creacion desc for update
Hibernate: insert into categoria_servicio (id_categoria,id_servicio) values (?,?)
Hibernate: select distinct s1_0.id_servicio,cs1_0.id_servicio,cs1_0.id_categoria,c1_0.id_categoria,c1_0.nombre_categoria,s1_0.contacto,s1_0.descripcion,s1_0.estado_moderacion,s1_0.fecha_oculto,s1_0.fecha_publicacion,s1_0.motivo_oculto,s1_0.oculto,s1_0.precio_max,s1_0.precio_min,s1_0.tecnicas,s1_0.tipo_contacto,s1_0.titulo,s1_0.id_usuario,u1_0.id_usuario,u1_0.contrasena,u1_0.correo,u1_0.descripcion,u1_0.estado_cuenta,u1_0.fecha_fin_suspension,u1_0.fecha_nacimiento,u1_0.fecha_registro,u1_0.fecha_suspension,u1_0.foto_perfil,u1_0.motivo_suspension,u1_0.nombre_completo,u1_0.redes_sociales,u1_0.rol,u1_0.telefono,u1_0.two_factor_enabled,u1_0.ubicacion,u1_0.usuario from servicio s1_0 left join usuario u1_0 on u1_0.id_usuario=s1_0.id_usuario left join categoria_servicio cs1_0 on s1_0.id_servicio=cs1_0.id_servicio left join categoria c1_0 on c1_0.id_categoria=cs1_0.id_categoria where s1_0.id_servicio=?
Hibernate: select u1_0.id_usuario,u1_0.contrasena,u1_0.correo,u1_0.descripcion,u1_0.estado_cuenta,u1_0.fecha_fin_suspension,u1_0.fecha_nacimiento,u1_0.fecha_registro,u1_0.fecha_suspension,u1_0.foto_perfil,u1_0.motivo_suspension,u1_0.nombre_completo,u1_0.redes_sociales,u1_0.rol,u1_0.telefono,u1_0.two_factor_enabled,u1_0.ubicacion,u1_0.usuario from usuario u1_0 where u1_0.id_usuario=?
Hibernate: select distinct s1_0.id_servicio,cs1_0.id_servicio,cs1_0.id_categoria,c1_0.id_categoria,c1_0.nombre_categoria,s1_0.contacto,s1_0.descripcion,s1_0.estado_moderacion,s1_0.fecha_oculto,s1_0.fecha_publicacion,s1_0.motivo_oculto,s1_0.oculto,s1_0.precio_max,s1_0.precio_min,s1_0.tecnicas,s1_0.tipo_contacto,s1_0.titulo,s1_0.id_usuario,u1_0.id_usuario,u1_0.contrasena,u1_0.correo,u1_0.descripcion,u1_0.estado_cuenta,u1_0.fecha_fin_suspension,u1_0.fecha_nacimiento,u1_0.fecha_registro,u1_0.fecha_suspension,u1_0.foto_perfil,u1_0.motivo_suspension,u1_0.nombre_completo,u1_0.redes_sociales,u1_0.rol,u1_0.telefono,u1_0.two_factor_enabled,u1_0.ubicacion,u1_0.usuario from servicio s1_0 left join usuario u1_0 on u1_0.id_usuario=s1_0.id_usuario left join categoria_servicio cs1_0 on s1_0.id_servicio=cs1_0.id_servicio left join categoria c1_0 on c1_0.id_categoria=cs1_0.id_categoria where s1_0.id_servicio=?
2026-06-01T01:24:48.437-06:00  INFO 23052 --- [artistlan] [.0-8084-exec-10] c.e.d.service.impl.ServicioServiceImpl   : ServicioCrudBackendDebug validacion propietario idServicio=31 usuarioId=21 propietario=21 resultado=true
Hibernate: update servicio set contacto=?,descripcion=?,estado_moderacion=?,fecha_oculto=?,fecha_publicacion=?,motivo_oculto=?,oculto=?,precio_max=?,precio_min=?,tecnicas=?,tipo_contacto=?,titulo=?,id_usuario=? where id_servicio=?
Hibernate: select count(f1_0.id_favorito) from favorito f1_0 where f1_0.id_servicio=?
Hibernate: select f1_0.id_favorito from favorito f1_0 left join usuario u1_0 on u1_0.id_usuario=f1_0.id_usuario left join servicio s1_0 on s1_0.id_servicio=f1_0.id_servicio where u1_0.id_usuario=? and s1_0.id_servicio=? limit ?
Hibernate: select u1_0.id_usuario,u1_0.contrasena,u1_0.correo,u1_0.descripcion,u1_0.estado_cuenta,u1_0.fecha_fin_suspension,u1_0.fecha_nacimiento,u1_0.fecha_registro,u1_0.fecha_suspension,u1_0.foto_perfil,u1_0.motivo_suspension,u1_0.nombre_completo,u1_0.redes_sociales,u1_0.rol,u1_0.telefono,u1_0.two_factor_enabled,u1_0.ubicacion,u1_0.usuario from usuario u1_0 where upper(u1_0.usuario)=upper(?) or upper(u1_0.correo)=upper(?) limit ?
Hibernate: select count(f1_0.id_favorito) from favorito f1_0 where f1_0.id_artista=?
Hibernate: select cu1_0.id_categoria,cu1_0.id_usuario from categoria_usuario cu1_0 left join usuario u1_0 on u1_0.id_usuario=cu1_0.id_usuario where u1_0.id_usuario=?
Hibernate: select c1_0.id_categoria,c1_0.nombre_categoria from categoria c1_0 where c1_0.id_categoria=?
Hibernate: select u1_0.id_usuario,u1_0.contrasena,u1_0.correo,u1_0.descripcion,u1_0.estado_cuenta,u1_0.fecha_fin_suspension,u1_0.fecha_nacimiento,u1_0.fecha_registro,u1_0.fecha_suspension,u1_0.foto_perfil,u1_0.motivo_suspension,u1_0.nombre_completo,u1_0.redes_sociales,u1_0.rol,u1_0.telefono,u1_0.two_factor_enabled,u1_0.ubicacion,u1_0.usuario from usuario u1_0 where u1_0.id_usuario=?
Hibernate: select distinct s1_0.id_servicio,cs1_0.id_servicio,cs1_0.id_categoria,c1_0.id_categoria,c1_0.nombre_categoria,s1_0.contacto,s1_0.descripcion,s1_0.estado_moderacion,s1_0.fecha_oculto,s1_0.fecha_publicacion,s1_0.motivo_oculto,s1_0.oculto,s1_0.precio_max,s1_0.precio_min,s1_0.tecnicas,s1_0.tipo_contacto,s1_0.titulo,s1_0.id_usuario,u1_0.id_usuario,u1_0.contrasena,u1_0.correo,u1_0.descripcion,u1_0.estado_cuenta,u1_0.fecha_fin_suspension,u1_0.fecha_nacimiento,u1_0.fecha_registro,u1_0.fecha_suspension,u1_0.foto_perfil,u1_0.motivo_suspension,u1_0.nombre_completo,u1_0.redes_sociales,u1_0.rol,u1_0.telefono,u1_0.two_factor_enabled,u1_0.ubicacion,u1_0.usuario from servicio s1_0 left join usuario u1_0 on u1_0.id_usuario=s1_0.id_usuario left join categoria_servicio cs1_0 on s1_0.id_servicio=cs1_0.id_servicio left join categoria c1_0 on c1_0.id_categoria=cs1_0.id_categoria where s1_0.id_servicio=?
2026-06-01T01:25:25.894-06:00  INFO 23052 --- [artistlan] [0.0-8084-exec-3] c.e.d.service.impl.ServicioServiceImpl   : ServicioCrudBackendDebug validacion propietario idServicio=10 usuarioId=21 propietario=17 resultado=false
2026-06-01T01:25:25.897-06:00  WARN 23052 --- [artistlan] [0.0-8084-exec-3] .m.m.a.ExceptionHandlerExceptionResolver : Resolved [org.springframework.web.server.ResponseStatusException: 403 FORBIDDEN "El servicio no pertenece al usuario indicado"]
Hibernate: select u1_0.id_usuario,u1_0.contrasena,u1_0.correo,u1_0.descripcion,u1_0.estado_cuenta,u1_0.fecha_fin_suspension,u1_0.fecha_nacimiento,u1_0.fecha_registro,u1_0.fecha_suspension,u1_0.foto_perfil,u1_0.motivo_suspension,u1_0.nombre_completo,u1_0.redes_sociales,u1_0.rol,u1_0.telefono,u1_0.two_factor_enabled,u1_0.ubicacion,u1_0.usuario from usuario u1_0 where u1_0.id_usuario=?
Hibernate: select u1_0.id_usuario,cu1_0.id_usuario,cu1_0.id_categoria,c1_0.id_categoria,c1_0.nombre_categoria,u1_0.contrasena,u1_0.correo,u1_0.descripcion,u1_0.estado_cuenta,u1_0.fecha_fin_suspension,u1_0.fecha_nacimiento,u1_0.fecha_registro,u1_0.fecha_suspension,u1_0.foto_perfil,u1_0.motivo_suspension,u1_0.nombre_completo,u1_0.redes_sociales,u1_0.rol,u1_0.telefono,u1_0.two_factor_enabled,u1_0.ubicacion,u1_0.usuario from usuario u1_0 left join categoria_usuario cu1_0 on u1_0.id_usuario=cu1_0.id_usuario left join categoria c1_0 on c1_0.id_categoria=cu1_0.id_categoria where u1_0.id_usuario=?
Hibernate: insert into servicio (contacto,descripcion,estado_moderacion,fecha_oculto,fecha_publicacion,motivo_oculto,oculto,precio_max,precio_min,tecnicas,tipo_contacto,titulo,id_usuario) values (?,?,?,?,?,?,?,?,?,?,?,?,?)
Hibernate: select c1_0.id_categoria,c1_0.nombre_categoria from categoria c1_0 where c1_0.id_categoria=?
Hibernate: select mpa1_0.id_meta,mpa1_0.estado,mpa1_0.fecha_actualizacion,mpa1_0.fecha_cancelacion,mpa1_0.fecha_creacion,mpa1_0.fecha_fin,mpa1_0.fecha_inicio,mpa1_0.motivo_cancelacion,mpa1_0.objetivo,mpa1_0.tipo_meta,mpa1_0.id_usuario from meta_personal_artista mpa1_0 where mpa1_0.id_usuario=? and mpa1_0.estado in (?,?) and mpa1_0.tipo_meta in (?) order by mpa1_0.fecha_creacion desc for update
Hibernate: insert into categoria_servicio (id_categoria,id_servicio) values (?,?)
Hibernate: select distinct s1_0.id_servicio,cs1_0.id_servicio,cs1_0.id_categoria,c1_0.id_categoria,c1_0.nombre_categoria,s1_0.contacto,s1_0.descripcion,s1_0.estado_moderacion,s1_0.fecha_oculto,s1_0.fecha_publicacion,s1_0.motivo_oculto,s1_0.oculto,s1_0.precio_max,s1_0.precio_min,s1_0.tecnicas,s1_0.tipo_contacto,s1_0.titulo,s1_0.id_usuario,u1_0.id_usuario,u1_0.contrasena,u1_0.correo,u1_0.descripcion,u1_0.estado_cuenta,u1_0.fecha_fin_suspension,u1_0.fecha_nacimiento,u1_0.fecha_registro,u1_0.fecha_suspension,u1_0.foto_perfil,u1_0.motivo_suspension,u1_0.nombre_completo,u1_0.redes_sociales,u1_0.rol,u1_0.telefono,u1_0.two_factor_enabled,u1_0.ubicacion,u1_0.usuario from servicio s1_0 left join usuario u1_0 on u1_0.id_usuario=s1_0.id_usuario left join categoria_servicio cs1_0 on s1_0.id_servicio=cs1_0.id_servicio left join categoria c1_0 on c1_0.id_categoria=cs1_0.id_categoria where s1_0.id_servicio=?
Hibernate: select u1_0.id_usuario,u1_0.contrasena,u1_0.correo,u1_0.descripcion,u1_0.estado_cuenta,u1_0.fecha_fin_suspension,u1_0.fecha_nacimiento,u1_0.fecha_registro,u1_0.fecha_suspension,u1_0.foto_perfil,u1_0.motivo_suspension,u1_0.nombre_completo,u1_0.redes_sociales,u1_0.rol,u1_0.telefono,u1_0.two_factor_enabled,u1_0.ubicacion,u1_0.usuario from usuario u1_0 where u1_0.id_usuario=?
Hibernate: select distinct s1_0.id_servicio,cs1_0.id_servicio,cs1_0.id_categoria,c1_0.id_categoria,c1_0.nombre_categoria,s1_0.contacto,s1_0.descripcion,s1_0.estado_moderacion,s1_0.fecha_oculto,s1_0.fecha_publicacion,s1_0.motivo_oculto,s1_0.oculto,s1_0.precio_max,s1_0.precio_min,s1_0.tecnicas,s1_0.tipo_contacto,s1_0.titulo,s1_0.id_usuario,u1_0.id_usuario,u1_0.contrasena,u1_0.correo,u1_0.descripcion,u1_0.estado_cuenta,u1_0.fecha_fin_suspension,u1_0.fecha_nacimiento,u1_0.fecha_registro,u1_0.fecha_suspension,u1_0.foto_perfil,u1_0.motivo_suspension,u1_0.nombre_completo,u1_0.redes_sociales,u1_0.rol,u1_0.telefono,u1_0.two_factor_enabled,u1_0.ubicacion,u1_0.usuario from servicio s1_0 left join usuario u1_0 on u1_0.id_usuario=s1_0.id_usuario left join categoria_servicio cs1_0 on s1_0.id_servicio=cs1_0.id_servicio left join categoria c1_0 on c1_0.id_categoria=cs1_0.id_categoria where s1_0.id_servicio=?
2026-06-01T01:25:25.967-06:00  INFO 23052 --- [artistlan] [0.0-8084-exec-5] c.e.d.service.impl.ServicioServiceImpl   : ServicioCrudBackendDebug validacion propietario idServicio=32 usuarioId=21 propietario=21 resultado=true
Hibernate: update servicio set contacto=?,descripcion=?,estado_moderacion=?,fecha_oculto=?,fecha_publicacion=?,motivo_oculto=?,oculto=?,precio_max=?,precio_min=?,tecnicas=?,tipo_contacto=?,titulo=?,id_usuario=? where id_servicio=?
Hibernate: select count(f1_0.id_favorito) from favorito f1_0 where f1_0.id_servicio=?
Hibernate: select f1_0.id_favorito from favorito f1_0 left join usuario u1_0 on u1_0.id_usuario=f1_0.id_usuario left join servicio s1_0 on s1_0.id_servicio=f1_0.id_servicio where u1_0.id_usuario=? and s1_0.id_servicio=? limit ?
[INFO] ------------------------------------------------------------------------
[INFO] BUILD FAILURE
[INFO] ------------------------------------------------------------------------
[INFO] Total time:  01:49 min
[INFO] Finished at: 2026-06-01T01:25:32-06:00
[INFO] ------------------------------------------------------------------------
[ERROR] Failed to execute goal org.springframework.boot:spring-boot-maven-plugin:3.5.6:run (default-cli) on project artistlan-api: Process terminated with exit code: -1 -> [Help 1]
[ERROR] 
[ERROR] To see the full stack trace of the errors, re-run Maven with the -e switch.
[ERROR] Re-run Maven using the -X switch to enable full debug logging.
[ERROR] 
[ERROR] For more information about the errors and possible solutions, please read the following articles:
[ERROR] [Help 1] http://cwiki.apache.org/confluence/display/MAVEN/MojoExecutionException
